app/build/intermediates/manifest_merge_blame_file/debug/manifest-merger-blame-debug-report.txt
1<?xml version="1.0" encoding="utf-8"?>
2<manifest xmlns:android="http://schemas.android.com/apk/res/android"
3    package="com.example.mapsrhd"
4    android:versionCode="1"
5    android:versionName="1.0" >
6
7    <uses-sdk
8        android:minSdkVersion="26"
8-->src\main\AndroidManifest.xml
9        android:targetSdkVersion="28" />
9-->src\main\AndroidManifest.xml
10
11    <uses-permission android:name="android.permission.ACCESS_FINE_LOCATION" />
11-->src\main\AndroidManifest.xml:4:5-79
11-->src\main\AndroidManifest.xml:4:22-76
12    <uses-permission android:name="android.permission.FOREGROUND_SERVICE" />
12-->[com.mapbox.mapboxsdk:mapbox-android-navigation:0.42.3] AndroidManifest.xml:9:5-77
12-->[com.mapbox.mapboxsdk:mapbox-android-navigation:0.42.3] AndroidManifest.xml:9:22-74
13
14    <uses-feature
14-->[com.mapbox.mapboxsdk:mapbox-android-sdk:8.2.1] AndroidManifest.xml:9:5-11:35
15        android:glEsVersion="0x00020000"
15-->[com.mapbox.mapboxsdk:mapbox-android-sdk:8.2.1] AndroidManifest.xml:10:9-41
16        android:required="true" />
16-->[com.mapbox.mapboxsdk:mapbox-android-sdk:8.2.1] AndroidManifest.xml:11:9-32
17    <uses-feature
17-->[com.mapbox.mapboxsdk:mapbox-android-sdk:8.2.1] AndroidManifest.xml:12:5-14:36
18        android:name="android.hardware.wifi"
18-->[com.mapbox.mapboxsdk:mapbox-android-sdk:8.2.1] AndroidManifest.xml:13:9-45
19        android:required="false" /> <!-- Implied by ACCESS_WIFI_STATE. -->
19-->[com.mapbox.mapboxsdk:mapbox-android-sdk:8.2.1] AndroidManifest.xml:14:9-33
20    <uses-permission android:name="android.permission.INTERNET" />
20-->[com.mapbox.mapboxsdk:mapbox-android-sdk:8.2.1] AndroidManifest.xml:16:5-67
20-->[com.mapbox.mapboxsdk:mapbox-android-sdk:8.2.1] AndroidManifest.xml:16:22-64
21    <uses-permission android:name="android.permission.ACCESS_NETWORK_STATE" />
21-->[com.mapbox.mapboxsdk:mapbox-android-sdk:8.2.1] AndroidManifest.xml:17:5-79
21-->[com.mapbox.mapboxsdk:mapbox-android-sdk:8.2.1] AndroidManifest.xml:17:22-76
22    <uses-permission android:name="android.permission.ACCESS_WIFI_STATE" /> <!-- Required for CrashReporterJobIntentService on API levels below 25 -->
22-->[com.mapbox.mapboxsdk:mapbox-android-sdk:8.2.1] AndroidManifest.xml:18:5-76
22-->[com.mapbox.mapboxsdk:mapbox-android-sdk:8.2.1] AndroidManifest.xml:18:22-73
23    <uses-permission android:name="android.permission.WAKE_LOCK" />
23-->[com.mapbox.mapboxsdk:mapbox-android-telemetry:4.5.1] AndroidManifest.xml:12:5-68
23-->[com.mapbox.mapboxsdk:mapbox-android-telemetry:4.5.1] AndroidManifest.xml:12:22-65
24
25    <application
25-->src\main\AndroidManifest.xml:5:5-19:19
26        android:allowBackup="true"
26-->src\main\AndroidManifest.xml:6:9-35
27        android:appComponentFactory="androidx.core.app.CoreComponentFactory"
27-->[androidx.core:core:1.1.0] AndroidManifest.xml:24:18-86
28        android:debuggable="true"
29        android:icon="@mipmap/ic_launcher"
29-->src\main\AndroidManifest.xml:7:9-43
30        android:label="@string/app_name"
30-->src\main\AndroidManifest.xml:8:9-41
31        android:roundIcon="@mipmap/ic_launcher_round"
31-->src\main\AndroidManifest.xml:9:9-54
32        android:supportsRtl="true"
32-->src\main\AndroidManifest.xml:10:9-35
33        android:testOnly="true"
34        android:theme="@style/AppTheme" >
34-->src\main\AndroidManifest.xml:11:9-40
35        <activity android:name="com.example.mapsrhd.MainActivity" >
35-->src\main\AndroidManifest.xml:12:9-18:20
35-->src\main\AndroidManifest.xml:12:19-47
36            <intent-filter>
36-->src\main\AndroidManifest.xml:13:13-17:29
37                <action android:name="android.intent.action.MAIN" />
37-->src\main\AndroidManifest.xml:14:17-69
37-->src\main\AndroidManifest.xml:14:25-66
38
39                <category android:name="android.intent.category.LAUNCHER" />
39-->src\main\AndroidManifest.xml:16:17-77
39-->src\main\AndroidManifest.xml:16:27-74
40            </intent-filter>
41        </activity>
42        <activity android:name="com.mapbox.services.android.navigation.ui.v5.MapboxNavigationActivity" />
42-->[com.mapbox.mapboxsdk:mapbox-android-navigation-ui:0.42.3] AndroidManifest.xml:10:9-106
42-->[com.mapbox.mapboxsdk:mapbox-android-navigation-ui:0.42.3] AndroidManifest.xml:10:19-103
43
44        <service android:name="com.mapbox.services.android.navigation.v5.navigation.NavigationService" />
44-->[com.mapbox.mapboxsdk:mapbox-android-navigation:0.42.3] AndroidManifest.xml:12:9-106
44-->[com.mapbox.mapboxsdk:mapbox-android-navigation:0.42.3] AndroidManifest.xml:12:18-103
45
46        <provider
46-->[com.squareup.picasso:picasso:2.71828] AndroidManifest.xml:8:9-11:40
47            android:name="com.squareup.picasso.PicassoProvider"
47-->[com.squareup.picasso:picasso:2.71828] AndroidManifest.xml:9:13-64
48            android:authorities="com.example.mapsrhd.com.squareup.picasso"
48-->[com.squareup.picasso:picasso:2.71828] AndroidManifest.xml:10:13-72
49            android:exported="false" />
49-->[com.squareup.picasso:picasso:2.71828] AndroidManifest.xml:11:13-37
50        <provider
50-->[com.mapbox.mapboxsdk:mapbox-android-telemetry:4.5.1] AndroidManifest.xml:19:9-23:39
51            android:name="com.mapbox.android.telemetry.provider.MapboxTelemetryInitProvider"
51-->[com.mapbox.mapboxsdk:mapbox-android-telemetry:4.5.1] AndroidManifest.xml:20:13-93
52            android:authorities="com.example.mapsrhd.mapboxtelemetryinitprovider"
52-->[com.mapbox.mapboxsdk:mapbox-android-telemetry:4.5.1] AndroidManifest.xml:21:13-79
53            android:exported="false"
53-->[com.mapbox.mapboxsdk:mapbox-android-telemetry:4.5.1] AndroidManifest.xml:22:13-37
54            android:initOrder="100" />
54-->[com.mapbox.mapboxsdk:mapbox-android-telemetry:4.5.1] AndroidManifest.xml:23:13-36
55
56        <service
56-->[com.mapbox.mapboxsdk:mapbox-android-telemetry:4.5.1] AndroidManifest.xml:25:9-27:72
57            android:name="com.mapbox.android.telemetry.crash.CrashReporterJobIntentService"
57-->[com.mapbox.mapboxsdk:mapbox-android-telemetry:4.5.1] AndroidManifest.xml:26:13-92
58            android:permission="android.permission.BIND_JOB_SERVICE" />
58-->[com.mapbox.mapboxsdk:mapbox-android-telemetry:4.5.1] AndroidManifest.xml:27:13-69
59
60        <provider
60-->[androidx.lifecycle:lifecycle-process:2.0.0] AndroidManifest.xml:23:9-27:43
61            android:name="androidx.lifecycle.ProcessLifecycleOwnerInitializer"
61-->[androidx.lifecycle:lifecycle-process:2.0.0] AndroidManifest.xml:24:13-79
62            android:authorities="com.example.mapsrhd.lifecycle-process"
62-->[androidx.lifecycle:lifecycle-process:2.0.0] AndroidManifest.xml:25:13-69
63            android:exported="false"
63-->[androidx.lifecycle:lifecycle-process:2.0.0] AndroidManifest.xml:26:13-37
64            android:multiprocess="true" />
64-->[androidx.lifecycle:lifecycle-process:2.0.0] AndroidManifest.xml:27:13-40
65    </application>
66
67</manifest>